<?xml version="1.0" encoding="UTF-8"?>
<testsuite name="testSuite.Prueba" tests="1" skipped="0" failures="0" errors="0" timestamp="2022-05-16T18:39:38" hostname="NBEXBC5X3E" time="3.978">
  <properties/>
  <testcase name="buscarPerroEnGoogle" classname="testSuite.Prueba" time="3.978"/>
  <system-out><![CDATA[]]></system-out>
  <system-err><![CDATA[]]></system-err>
</testsuite>
